<?xml version="1.0" encoding="UTF-8"?>
<!-- Generated by org.testng.reporters.JUnitReportReporter -->
<testsuite hostname="LAPTOP-OANF0OII" failures="0" tests="1" name="Automation.FrameWork.ProductTest" time="15.150" errors="0" timestamp="2024-04-16T18:34:07 GMT-05:00" skipped="0">
  <testcase classname="Automation.FrameWork.ProductTest" name="AddProduct" time="15.150"/>
</testsuite> <!-- Automation.FrameWork.ProductTest -->
