<?xml version="1.0" encoding="UTF-8"?>
<!-- Generated by org.testng.reporters.JUnitReportReporter -->
<testsuite hostname="LAPTOP-OANF0OII" failures="0" tests="1" name="Testcases.LoginTest" time="11.792" errors="0" timestamp="2024-04-22T20:56:35 GMT-05:00" skipped="0">
  <testcase classname="Testcases.LoginTest" name="Login" time="11.792"/>
</testsuite> <!-- Testcases.LoginTest -->
