<?xml version="1.0" encoding="UTF-8"?>
<!-- Generated by org.testng.reporters.JUnitReportReporter -->
<testsuite hostname="LAPTOP-OANF0OII" failures="0" tests="1" name="Testcases.ProductTest" time="33.376" errors="0" timestamp="2024-04-23T14:22:30 GMT-05:00" skipped="0">
  <testcase classname="Testcases.ProductTest" name="AddProduct" time="33.376"/>
</testsuite> <!-- Testcases.ProductTest -->
