<?xml version="1.0" encoding="UTF-8"?>
<!-- Generated by org.testng.reporters.JUnitReportReporter -->
<testsuite hostname="LAPTOP-OANF0OII" failures="0" tests="1" name="Automation.FrameWork.LoginTest" time="8.841" errors="0" timestamp="2024-04-16T14:04:49 GMT-05:00" skipped="0">
  <testcase classname="Automation.FrameWork.LoginTest" name="Login" time="8.841"/>
</testsuite> <!-- Automation.FrameWork.LoginTest -->
