<?xml version="1.0" encoding="UTF-8"?>
<!-- Generated by org.testng.reporters.JUnitReportReporter -->
<testsuite hostname="LAPTOP-OANF0OII" failures="0" tests="1" name="Testcases.AddProductTest" time="22.315" errors="0" timestamp="2024-04-23T14:28:29 GMT-05:00" skipped="0">
  <testcase classname="Testcases.AddProductTest" name="addproducts" time="22.315"/>
</testsuite> <!-- Testcases.AddProductTest -->
