<?xml version="1.0" encoding="UTF-8"?>
<!-- Generated by org.testng.reporters.JUnitReportReporter -->
<testsuite hostname="LAPTOP-OANF0OII" failures="0" tests="1" name="Testcases.ProductTest" time="26.852" errors="0" timestamp="2024-04-19T10:38:11 GMT-05:00" skipped="0">
  <testcase classname="Testcases.ProductTest" name="AddProduct" time="26.852"/>
</testsuite> <!-- Testcases.ProductTest -->
